<?xml version="1.0" encoding="UTF-8"?>
<!-- Generated by org.testng.reporters.JUnitXMLReporter -->
<testsuite ignored="0" hostname="LAPTOP-6NCFE75A" failures="0" tests="4" name="Default test" time="7.011" errors="0" timestamp="2022-03-20T12:49:10 PDT">
  <testcase classname="com.assignment.Assignment1" name="toGetUserIdSize" time="4.111"/>
  <testcase classname="com.assignment.Assignment1" name="toGetRandomUserId" time="0.361"/>
  <testcase classname="com.assignment.Assignment1" name="toGetUsersPost" time="0.297"/>
  <testcase classname="com.assignment.Assignment1" name="toCreateUserNewPost" time="0.509"/>
</testsuite> <!-- Default test -->
