<?xml version="1.0" encoding="UTF-8"?>
<testng-results ignored="0" total="4" passed="4" failed="0" skipped="0">
  <reporter-output>
  </reporter-output>
  <suite started-at="2022-03-20T12:49:03 PDT" name="Default suite" finished-at="2022-03-20T12:49:10 PDT" duration-ms="7011">
    <groups>
    </groups>
    <test started-at="2022-03-20T12:49:03 PDT" name="Default test" finished-at="2022-03-20T12:49:10 PDT" duration-ms="7011">
      <class name="com.assignment.Assignment1">
        <test-method is-config="true" signature="setup()[pri:0, instance:com.assignment.Assignment1@54c562f7]" started-at="2022-03-20T12:49:03 PDT" name="setup" finished-at="2022-03-20T12:49:05 PDT" duration-ms="1651" status="PASS">
          <reporter-output>
          </reporter-output>
        </test-method> <!-- setup -->
        <test-method signature="toGetUserIdSize()[pri:1, instance:com.assignment.Assignment1@54c562f7]" started-at="2022-03-20T12:49:05 PDT" name="toGetUserIdSize" finished-at="2022-03-20T12:49:09 PDT" duration-ms="4111" status="PASS">
          <reporter-output>
          </reporter-output>
        </test-method> <!-- toGetUserIdSize -->
        <test-method signature="toGetRandomUserId()[pri:2, instance:com.assignment.Assignment1@54c562f7]" started-at="2022-03-20T12:49:09 PDT" name="toGetRandomUserId" finished-at="2022-03-20T12:49:09 PDT" duration-ms="361" status="PASS">
          <reporter-output>
          </reporter-output>
        </test-method> <!-- toGetRandomUserId -->
        <test-method signature="toGetUsersPost()[pri:3, instance:com.assignment.Assignment1@54c562f7]" started-at="2022-03-20T12:49:09 PDT" name="toGetUsersPost" finished-at="2022-03-20T12:49:10 PDT" duration-ms="297" status="PASS">
          <reporter-output>
          </reporter-output>
        </test-method> <!-- toGetUsersPost -->
        <test-method signature="toCreateUserNewPost()[pri:4, instance:com.assignment.Assignment1@54c562f7]" started-at="2022-03-20T12:49:10 PDT" name="toCreateUserNewPost" finished-at="2022-03-20T12:49:10 PDT" duration-ms="509" status="PASS">
          <reporter-output>
          </reporter-output>
        </test-method> <!-- toCreateUserNewPost -->
      </class> <!-- com.assignment.Assignment1 -->
    </test> <!-- Default test -->
  </suite> <!-- Default suite -->
</testng-results>
